[ 2024-03-10 15:32:42,945 ] 29 root - INFO - Data Ingestion methods Starts
[ 2024-03-10 15:32:42,962 ] 32 root - INFO - Dataset read as pandas Dataframe
[ 2024-03-10 15:32:42,963 ] 36 root - INFO - Train test split
[ 2024-03-10 15:32:42,963 ] 42 root - INFO - Ingestion of Data is completed
[ 2024-03-10 15:32:42,985 ] 78 root - INFO - Read train and test data completed
[ 2024-03-10 15:32:42,997 ] 79 root - INFO - Train Dataframe Head : 
   age     sex   bmi  children smoker     region  expenses
0   46  female  20.0         2     no  northwest   9193.84
1   47  female  24.3         0     no  northeast   8534.67
2   52  female  24.9         0     no  southeast  27117.99
3   39  female  34.3         5     no  southeast   8596.83
4   54  female  21.5         3     no  northwest  12475.35
[ 2024-03-10 15:32:43,000 ] 80 root - INFO - Test Dataframe Head  : 
   age     sex   bmi  children smoker     region  expenses
0   45  female  25.2         2     no  northeast   9095.07
1   36  female  30.0         0     no  northwest   5272.18
2   64  female  26.9         0    yes  northwest  29330.98
3   46    male  25.7         3     no  northwest   9301.89
4   19    male  31.9         0    yes  northwest  33750.29
[ 2024-03-10 15:32:43,000 ] 82 root - INFO - Obtaining preprocessing object
[ 2024-03-10 15:32:43,000 ] 26 root - INFO - Data Transformation initiated
[ 2024-03-10 15:32:43,001 ] 37 root - INFO - Pipeline Initiated
[ 2024-03-10 15:32:43,016 ] 99 root - INFO - Applying preprocessing object on training and testing datasets.
[ 2024-03-10 15:32:43,016 ] 111 root - INFO - Preprocessor pickle file saved
[ 2024-03-10 15:32:43,016 ] 31 root - INFO - Splitting Dependent and Independent variables from train and test data
[ 2024-03-10 15:32:47,350 ] 57 root - INFO - Model Report : {'LinearRegression': 0.7358345998845061, 'Lasso': 0.735841720653821, 'Ridge': 0.7358382737405593, 'Elasticnet': 0.6529427569158672, 'decisiontree': 0.9968443995366073, 'randomforest': 0.8668848550896533, 'bagging': 0.9523159342327185, 'boosting': 0.9978435795185397}
[ 2024-03-10 15:32:47,350 ] 70 root - INFO - Best Model Found , Model Name : boosting , R2 Score : 0.9978435795185397
